# JRE version: Java(TM) SE Runtime Environment (8.0_181-b13) (build 1.8.0_181-b13)
# Java VM: Java HotSpot(TM) 64-Bit Server VM (25.181-b13 mixed mode windows-amd64 compressed oops)
Heap:
 PSYoungGen      total 409600K, used 210316K [0x00000000d5580000, 0x00000000f7180000, 0x0000000100000000)
  eden space 298496K, 54% used [0x00000000d5580000,0x00000000df365fb8,0x00000000e7900000)
  from space 111104K, 43% used [0x00000000e7900000,0x00000000ea87d1f8,0x00000000ee580000)
  to   space 101888K, 0% used [0x00000000f0e00000,0x00000000f0e00000,0x00000000f7180000)
 ParOldGen       total 309248K, used 183163K [0x0000000080000000, 0x0000000092e00000, 0x00000000d5580000)
  object space 309248K, 59% used [0x0000000080000000,0x000000008b2deff0,0x0000000092e00000)
 Metaspace       used 73921K, capacity 81160K, committed 81408K, reserved 1118208K
  class space    used 10347K, capacity 11690K, committed 11776K, reserved 1048576K
GC Heap History (10 events):
Event: 48.698 GC heap before
{Heap before GC invocations=24 (full 3):
 PSYoungGen      total 332288K, used 327083K [0x00000000d5580000, 0x00000000f1500000, 0x0000000100000000)
  eden space 247808K, 100% used [0x00000000d5580000,0x00000000e4780000,0x00000000e4780000)
  from space 84480K, 93% used [0x00000000ea580000,0x00000000ef2eae40,0x00000000ef800000)
  to   space 96256K, 0% used [0x00000000e4780000,0x00000000e4780000,0x00000000ea580000)
 ParOldGen       total 309248K, used 96221K [0x0000000080000000, 0x0000000092e00000, 0x00000000d5580000)
  object space 309248K, 31% used [0x0000000080000000,0x0000000085df7710,0x0000000092e00000)
 Metaspace       used 72980K, capacity 79872K, committed 80000K, reserved 1118208K
  class space    used 10248K, capacity 11539K, committed 11648K, reserved 1048576K
Event: 48.887 GC heap after
Heap after GC invocations=24 (full 3):
 PSYoungGen      total 344064K, used 79722K [0x00000000d5580000, 0x00000000f4c80000, 0x0000000100000000)
  eden space 247808K, 0% used [0x00000000d5580000,0x00000000d5580000,0x00000000e4780000)
  from space 96256K, 82% used [0x00000000e4780000,0x00000000e955a910,0x00000000ea580000)
  to   space 105472K, 0% used [0x00000000ee580000,0x00000000ee580000,0x00000000f4c80000)
 ParOldGen       total 309248K, used 105952K [0x0000000080000000, 0x0000000092e00000, 0x00000000d5580000)
  object space 309248K, 34% used [0x0000000080000000,0x0000000086778140,0x0000000092e00000)
 Metaspace       used 72980K, capacity 79872K, committed 80000K, reserved 1118208K
  class space    used 10248K, capacity 11539K, committed 11648K, reserved 1048576K
}
Event: 50.964 GC heap before
{Heap before GC invocations=25 (full 3):
 PSYoungGen      total 344064K, used 327530K [0x00000000d5580000, 0x00000000f4c80000, 0x0000000100000000)
  eden space 247808K, 100% used [0x00000000d5580000,0x00000000e4780000,0x00000000e4780000)
  from space 96256K, 82% used [0x00000000e4780000,0x00000000e955a910,0x00000000ea580000)
  to   space 105472K, 0% used [0x00000000ee580000,0x00000000ee580000,0x00000000f4c80000)
 ParOldGen       total 309248K, used 105952K [0x0000000080000000, 0x0000000092e00000, 0x00000000d5580000)
  object space 309248K, 34% used [0x0000000080000000,0x0000000086778140,0x0000000092e00000)
 Metaspace       used 73032K, capacity 79972K, committed 80256K, reserved 1118208K
  class space    used 10249K, capacity 11571K, committed 11648K, reserved 1048576K
Event: 51.048 GC heap after
Heap after GC invocations=25 (full 3):
 PSYoungGen      total 403968K, used 74418K [0x00000000d5580000, 0x00000000f5680000, 0x0000000100000000)
  eden space 298496K, 0% used [0x00000000d5580000,0x00000000d5580000,0x00000000e7900000)
  from space 105472K, 70% used [0x00000000ee580000,0x00000000f2e2c9d0,0x00000000f4c80000)
  to   space 111104K, 0% used [0x00000000e7900000,0x00000000e7900000,0x00000000ee580000)
 ParOldGen       total 309248K, used 122399K [0x0000000080000000, 0x0000000092e00000, 0x00000000d5580000)
  object space 309248K, 39% used [0x0000000080000000,0x0000000087787ed0,0x0000000092e00000)
 Metaspace       used 73032K, capacity 79972K, committed 80256K, reserved 1118208K
  class space    used 10249K, capacity 11571K, committed 11648K, reserved 1048576K
}
Event: 52.738 GC heap before
{Heap before GC invocations=26 (full 3):
 PSYoungGen      total 403968K, used 372914K [0x00000000d5580000, 0x00000000f5680000, 0x0000000100000000)
  eden space 298496K, 100% used [0x00000000d5580000,0x00000000e7900000,0x00000000e7900000)
  from space 105472K, 70% used [0x00000000ee580000,0x00000000f2e2c9d0,0x00000000f4c80000)
  to   space 111104K, 0% used [0x00000000e7900000,0x00000000e7900000,0x00000000ee580000)
 ParOldGen       total 309248K, used 122399K [0x0000000080000000, 0x0000000092e00000, 0x00000000d5580000)
  object space 309248K, 39% used [0x0000000080000000,0x0000000087787ed0,0x0000000092e00000)
 Metaspace       used 73117K, capacity 80028K, committed 80256K, reserved 1118208K
  class space    used 10255K, capacity 11581K, committed 11648K, reserved 1048576K
Event: 52.847 GC heap after
Heap after GC invocations=26 (full 3):
 PSYoungGen      total 409600K, used 62235K [0x00000000d5580000, 0x00000000f5680000, 0x0000000100000000)
  eden space 298496K, 0% used [0x00000000d5580000,0x00000000d5580000,0x00000000e7900000)
  from space 111104K, 56% used [0x00000000e7900000,0x00000000eb5c6c48,0x00000000ee580000)
  to   space 105472K, 0% used [0x00000000ee580000,0x00000000ee580000,0x00000000f4c80000)
 ParOldGen       total 309248K, used 147085K [0x0000000080000000, 0x0000000092e00000, 0x00000000d5580000)
  object space 309248K, 47% used [0x0000000080000000,0x0000000088fa34a0,0x0000000092e00000)
 Metaspace       used 73117K, capacity 80028K, committed 80256K, reserved 1118208K
  class space    used 10255K, capacity 11581K, committed 11648K, reserved 1048576K
}
Event: 54.545 GC heap before
{Heap before GC invocations=27 (full 3):
 PSYoungGen      total 409600K, used 360731K [0x00000000d5580000, 0x00000000f5680000, 0x0000000100000000)
  eden space 298496K, 100% used [0x00000000d5580000,0x00000000e7900000,0x00000000e7900000)
  from space 111104K, 56% used [0x00000000e7900000,0x00000000eb5c6c48,0x00000000ee580000)
  to   space 105472K, 0% used [0x00000000ee580000,0x00000000ee580000,0x00000000f4c80000)
 ParOldGen       total 309248K, used 147085K [0x0000000080000000, 0x0000000092e00000, 0x00000000d5580000)
  object space 309248K, 47% used [0x0000000080000000,0x0000000088fa34a0,0x0000000092e00000)
 Metaspace       used 73174K, capacity 80058K, committed 80256K, reserved 1118208K
  class space    used 10259K, capacity 11586K, committed 11648K, reserved 1048576K
Event: 54.621 GC heap after
Heap after GC invocations=27 (full 3):
 PSYoungGen      total 403968K, used 56465K [0x00000000d5580000, 0x00000000f5680000, 0x0000000100000000)
  eden space 298496K, 0% used [0x00000000d5580000,0x00000000d5580000,0x00000000e7900000)
  from space 105472K, 53% used [0x00000000ee580000,0x00000000f1ca4718,0x00000000f4c80000)
  to   space 111104K, 0% used [0x00000000e7900000,0x00000000e7900000,0x00000000ee580000)
 ParOldGen       total 309248K, used 163905K [0x0000000080000000, 0x0000000092e00000, 0x00000000d5580000)
  object space 309248K, 53% used [0x0000000080000000,0x000000008a010518,0x0000000092e00000)
 Metaspace       used 73174K, capacity 80058K, committed 80256K, reserved 1118208K
  class space    used 10259K, capacity 11586K, committed 11648K, reserved 1048576K
}
Event: 56.417 GC heap before
{Heap before GC invocations=28 (full 3):
 PSYoungGen      total 403968K, used 354961K [0x00000000d5580000, 0x00000000f5680000, 0x0000000100000000)
  eden space 298496K, 100% used [0x00000000d5580000,0x00000000e7900000,0x00000000e7900000)
  from space 105472K, 53% used [0x00000000ee580000,0x00000000f1ca4718,0x00000000f4c80000)
  to   space 111104K, 0% used [0x00000000e7900000,0x00000000e7900000,0x00000000ee580000)
 ParOldGen       total 309248K, used 163905K [0x0000000080000000, 0x0000000092e00000, 0x00000000d5580000)
  object space 309248K, 53% used [0x0000000080000000,0x000000008a010518,0x0000000092e00000)
 Metaspace       used 73496K, capacity 80476K, committed 80512K, reserved 1118208K
  class space    used 10308K, capacity 11639K, committed 11648K, reserved 1048576K
Event: 56.501 GC heap after
Heap after GC invocations=28 (full 3):
 PSYoungGen      total 409600K, used 48628K [0x00000000d5580000, 0x00000000f7180000, 0x0000000100000000)
  eden space 298496K, 0% used [0x00000000d5580000,0x00000000d5580000,0x00000000e7900000)
  from space 111104K, 43% used [0x00000000e7900000,0x00000000ea87d1f8,0x00000000ee580000)
  to   space 101888K, 0% used [0x00000000f0e00000,0x00000000f0e00000,0x00000000f7180000)
 ParOldGen       total 309248K, used 183163K [0x0000000080000000, 0x0000000092e00000, 0x00000000d5580000)
  object space 309248K, 59% used [0x0000000080000000,0x000000008b2deff0,0x0000000092e00000)
 Metaspace       used 73496K, capacity 80476K, committed 80512K, reserved 1118208K
  class space    used 10308K, capacity 11639K, committed 11648K, reserved 1048576K
}

